{"target": 0.934849475293843, "params": {"batch_size": 639.2728142126778, "dropout": 0.16906975434563642, "dropout_rate": 0.13081770581135105, "epochs": 390.3996744484834, "layer2": 0.2953253044028762, "layer3": 0.1491629571394898, "layer4": 0.022478324544161765, "neurons_l1": 44.92132676513298, "neurons_l2": 27.674803418412374, "neurons_l3": 37.07733822943528, "neurons_l4": 99.11768413993347, "normalization": 0.23772645390002278}, "datetime": {"datetime": "2023-04-14 17:17:24", "elapsed": 0.0, "delta": 0.0}}
{"target": 0.9362562934944292, "params": {"batch_size": 112.54311817560188, "dropout": 0.6696002382466298, "dropout_rate": 0.1863728758202091, "epochs": 155.27042684809626, "layer2": 0.46622140989497307, "layer3": 0.11836775112328357, "layer4": 0.0739575641432042, "neurons_l1": 90.57354702026495, "neurons_l2": 80.4264432455647, "neurons_l3": 84.85411662880671, "neurons_l4": 82.44470845802937, "normalization": 0.9909548513304102}, "datetime": {"datetime": "2023-04-14 17:49:59", "elapsed": 1954.851979, "delta": 1954.851979}}
{"target": 0.935334593680935, "params": {"batch_size": 604.6556389708179, "dropout": 0.8137669170364877, "dropout_rate": 0.12639536321976563, "epochs": 38.03778091124802, "layer2": 0.4541366431584699, "layer3": 0.10532608531509313, "layer4": 0.8172200615549913, "neurons_l1": 71.2841347865851, "neurons_l2": 58.70211312727402, "neurons_l3": 31.05159306760864, "neurons_l4": 99.85500565051669, "normalization": 0.13804205305593598}, "datetime": {"datetime": "2023-04-14 17:52:45", "elapsed": 2120.655772, "delta": 165.803793}}
{"target": 0.9368966507773298, "params": {"batch_size": 642.4923619683774, "dropout": 0.4850363008384325, "dropout_rate": 0.12150811076799203, "epochs": 370.7283208382236, "layer2": 0.3228139254843898, "layer3": 0.40054554991678504, "layer4": 0.3189664036607044, "neurons_l1": 94.98607379229145, "neurons_l2": 92.27729441512126, "neurons_l3": 82.31521590242706, "neurons_l4": 8.23732369445717, "normalization": 0.9433728691449649}, "datetime": {"datetime": "2023-04-14 18:06:16", "elapsed": 2932.021615, "delta": 811.365843}}
{"target": 0.9309055225053186, "params": {"batch_size": 974.8356515961771, "dropout": 0.8065910506231764, "dropout_rate": 0.14438341266090315, "epochs": 484.21063239587244, "layer2": 0.41697908439698783, "layer3": 0.3188401259211743, "layer4": 0.01644281760441979, "neurons_l1": 8.627282939930009, "neurons_l2": 10.043516792274053, "neurons_l3": 17.156277390565485, "neurons_l4": 8.171400148439204, "normalization": 0.226421092399535}, "datetime": {"datetime": "2023-04-14 18:14:48", "elapsed": 3444.318293, "delta": 512.296678}}
{"target": 0.9382064458888342, "params": {"batch_size": 571.5576340727391, "dropout": 0.17862580998720157, "dropout_rate": 0.053803435159810044, "epochs": 96.06627747456702, "layer2": 0.6830131255680931, "layer3": 0.46900855062027413, "layer4": 0.7682479309034291, "neurons_l1": 68.53733556387323, "neurons_l2": 46.920476839375695, "neurons_l3": 61.54641779190149, "neurons_l4": 48.85737878287722, "normalization": 0.9632668729744531}, "datetime": {"datetime": "2023-04-14 18:22:06", "elapsed": 3881.604637, "delta": 437.286344}}
{"target": 0.9357566321281364, "params": {"batch_size": 178.62888803094978, "dropout": 0.9068131269665934, "dropout_rate": 0.14937745082996484, "epochs": 306.43677191635993, "layer2": 0.684657987906487, "layer3": 0.17745066401182163, "layer4": 0.8646854870467618, "neurons_l1": 50.79843379729976, "neurons_l2": 11.587470441024045, "neurons_l3": 39.64947692428206, "neurons_l4": 39.342898365618375, "normalization": 0.47206349952741467}, "datetime": {"datetime": "2023-04-14 18:45:07", "elapsed": 5262.465039, "delta": 1380.860402}}
{"target": 0.9369985155251099, "params": {"batch_size": 210.04896892602554, "dropout": 0.17527984038776945, "dropout_rate": 0.28473888074377707, "epochs": 336.44909954742326, "layer2": 0.1349955315240582, "layer3": 0.9277858261821542, "layer4": 0.8417916174207136, "neurons_l1": 10.013723396131113, "neurons_l2": 24.349934147434045, "neurons_l3": 87.88765566103126, "neurons_l4": 69.01556607626256, "normalization": 0.29727251012213685}, "datetime": {"datetime": "2023-04-14 19:19:25", "elapsed": 7321.402704, "delta": 2058.937665}}
{"target": 0.9356838639288199, "params": {"batch_size": 760.5377740830588, "dropout": 0.6183402708174415, "dropout_rate": 0.06314977374410452, "epochs": 405.98067416355684, "layer2": 0.05910708122795627, "layer3": 0.3082233049139541, "layer4": 0.2073674937066856, "neurons_l1": 97.35812873597695, "neurons_l2": 91.39476521342549, "neurons_l3": 69.26314831334004, "neurons_l4": 15.942679870646188, "normalization": 0.9579806795100961}, "datetime": {"datetime": "2023-04-14 19:28:24", "elapsed": 7860.454961, "delta": 539.052257}}
{"target": 0.9392639971362213, "params": {"batch_size": 122.9796172598937, "dropout": 0.6297964666602616, "dropout_rate": 0.27087016323680013, "epochs": 186.40370688992797, "layer2": 0.6528042918753562, "layer3": 0.925158515238358, "layer4": 0.3739835024254974, "neurons_l1": 78.27959672423015, "neurons_l2": 90.13564894644882, "neurons_l3": 63.91691842191384, "neurons_l4": 19.350707038067974, "normalization": 0.37491974612014767}, "datetime": {"datetime": "2023-04-14 20:17:54", "elapsed": 10829.89865, "delta": 2969.443689}}
{"target": 0.9371343551922671, "params": {"batch_size": 662.7538304935281, "dropout": 0.4590707313798783, "dropout_rate": 0.15967145070378627, "epochs": 192.33878642936662, "layer2": 0.6598619615731336, "layer3": 0.47652343083386706, "layer4": 0.4545949437290333, "neurons_l1": 16.855765317476866, "neurons_l2": 44.18486246819742, "neurons_l3": 30.94409362168672, "neurons_l4": 37.94038350852873, "normalization": 0.9743742936677565}, "datetime": {"datetime": "2023-04-14 20:26:29", "elapsed": 11344.939246, "delta": 515.040596}}
{"target": 0.9386721577518987, "params": {"batch_size": 245.8559442685523, "dropout": 0.6828429097734571, "dropout_rate": 0.009542998120039713, "epochs": 421.8068957026213, "layer2": 0.7016523439371456, "layer3": 0.9659437771056172, "layer4": 0.5918162105115844, "neurons_l1": 25.647815013322106, "neurons_l2": 73.32649235699319, "neurons_l3": 7.932648988900269, "neurons_l4": 44.77725548904832, "normalization": 0.2812251191568007}, "datetime": {"datetime": "2023-04-14 21:04:55", "elapsed": 13650.789352, "delta": 2305.850106}}
{"target": 0.93688208861835, "params": {"batch_size": 137.39440432154603, "dropout": 0.4263462177034032, "dropout_rate": 0.25217325160599263, "epochs": 77.44538752248498, "layer2": 0.9866524488006148, "layer3": 0.23329332474285025, "layer4": 0.7214115754924483, "neurons_l1": 67.78474260718198, "neurons_l2": 12.386887209582241, "neurons_l3": 71.24200805639242, "neurons_l4": 30.20409313589364, "normalization": 0.9018383614688021}, "datetime": {"datetime": "2023-04-14 21:20:24", "elapsed": 14580.094444, "delta": 929.305092}}
{"target": 0.9373284005467587, "params": {"batch_size": 843.7177626331047, "dropout": 0.3992331952764401, "dropout_rate": 0.24608562719989904, "epochs": 118.96216443518412, "layer2": 0.5225250701076165, "layer3": 0.41247483206728897, "layer4": 0.9258338621887269, "neurons_l1": 83.41114298865705, "neurons_l2": 52.59781880894977, "neurons_l3": 16.09494734287614, "neurons_l4": 6.101270416293335, "normalization": 0.9131504384208619}, "datetime": {"datetime": "2023-04-14 21:29:00", "elapsed": 15096.279579, "delta": 516.185135}}
{"target": 0.9395162520610703, "params": {"batch_size": 540.2982978329172, "dropout": 0.8430821100890739, "dropout_rate": 0.028454008433744526, "epochs": 406.6276433409694, "layer2": 0.06222815231149381, "layer3": 0.6354944773255249, "layer4": 0.9687811501818422, "neurons_l1": 42.75606183737121, "neurons_l2": 67.66074382582687, "neurons_l3": 25.412339924348466, "neurons_l4": 89.53723397552858, "normalization": 0.9866316190262712}, "datetime": {"datetime": "2023-04-14 21:53:51", "elapsed": 16586.708245, "delta": 1490.428666}}
{"target": 0.938929255982789, "params": {"batch_size": 764.7651816671175, "dropout": 0.6414866561542936, "dropout_rate": 0.07564691603379659, "epochs": 251.00924622873725, "layer2": 0.26805667679844514, "layer3": 0.8682605508498005, "layer4": 0.2668889835592493, "neurons_l1": 97.43649140265902, "neurons_l2": 25.287815182303113, "neurons_l3": 33.2885967531973, "neurons_l4": 74.9930761496474, "normalization": 0.012891319483111952}, "datetime": {"datetime": "2023-04-14 22:08:53", "elapsed": 17489.331272, "delta": 902.623027}}
{"target": 0.9383374342485699, "params": {"batch_size": 61.992562466012046, "dropout": 0.7338233420580558, "dropout_rate": 0.14947706577154898, "epochs": 128.58190910115474, "layer2": 0.008929963256854245, "layer3": 0.8507030280414583, "layer4": 0.5364073991185077, "neurons_l1": 73.73316942986276, "neurons_l2": 67.84725979242727, "neurons_l3": 84.68417615722049, "neurons_l4": 41.87855805409354, "normalization": 0.42618116651686777}, "datetime": {"datetime": "2023-04-14 23:05:23", "elapsed": 20879.160399, "delta": 3389.829127}}
{"target": 0.9280384941883468, "params": {"batch_size": 853.5048978364529, "dropout": 0.4690088373689639, "dropout_rate": 0.2460097849691937, "epochs": 31.734044747249342, "layer2": 0.396764006434153, "layer3": 0.12834584411892402, "layer4": 0.11808714399993647, "neurons_l1": 24.56846107350312, "neurons_l2": 76.02468795449809, "neurons_l3": 93.35819108248559, "neurons_l4": 41.1620773621114, "normalization": 0.46059260053994955}, "datetime": {"datetime": "2023-04-14 23:06:36", "elapsed": 20951.515608, "delta": 72.355209}}
{"target": 0.9382743652517436, "params": {"batch_size": 898.375647997766, "dropout": 0.8145211066011374, "dropout_rate": 0.007491791911825762, "epochs": 439.67887590311693, "layer2": 0.6045514841847406, "layer3": 0.5164382782416476, "layer4": 0.5892849231130379, "neurons_l1": 80.9820500339414, "neurons_l2": 21.461691240655128, "neurons_l3": 22.75213883197921, "neurons_l4": 29.52628938840949, "normalization": 0.05106636174545587}, "datetime": {"datetime": "2023-04-14 23:27:36", "elapsed": 22211.841882, "delta": 1260.326274}}
{"target": 0.9362223385785026, "params": {"batch_size": 580.221175236637, "dropout": 0.35184818333496226, "dropout_rate": 0.27509626355621397, "epochs": 251.38398238790643, "layer2": 0.10453792310514154, "layer3": 0.15252534628981973, "layer4": 0.2735291714579582, "neurons_l1": 79.24738670178887, "neurons_l2": 42.345447266707566, "neurons_l3": 80.8935065672428, "neurons_l4": 46.1414549614748, "normalization": 0.08155348949729169}, "datetime": {"datetime": "2023-04-14 23:36:40", "elapsed": 22755.844911, "delta": 544.003029}}
{"target": 0.9394822911441084, "params": {"batch_size": 42.55811124324522, "dropout": 0.4308845626577774, "dropout_rate": 0.19885104924432143, "epochs": 269.7207159585112, "layer2": 0.5801259080387516, "layer3": 0.4931028608449518, "layer4": 0.74048853720999, "neurons_l1": 79.99457719594359, "neurons_l2": 79.2017203556341, "neurons_l3": 17.116293554298636, "neurons_l4": 94.31333024600364, "normalization": 0.8777167752038778}, "datetime": {"datetime": "2023-04-15 02:13:43", "elapsed": 32179.042578, "delta": 9423.197667}}
{"target": 0.9207035598792432, "params": {"batch_size": 725.9130980253807, "dropout": 0.9368951429317355, "dropout_rate": 0.20213611466996126, "epochs": 307.3520386729812, "layer2": 0.3450086004143077, "layer3": 0.08356593000107437, "layer4": 0.5793400366024858, "neurons_l1": 6.673430273480511, "neurons_l2": 57.479024136636326, "neurons_l3": 65.09680841480431, "neurons_l4": 69.45224331754632, "normalization": 0.1705232770814329}, "datetime": {"datetime": "2023-04-15 02:21:37", "elapsed": 32652.60125, "delta": 473.558672}}
{"target": 0.936193236146671, "params": {"batch_size": 604.4486984666734, "dropout": 0.2059740446099636, "dropout_rate": 0.07544302144054647, "epochs": 485.40045220550564, "layer2": 0.8965850388239053, "layer3": 0.12284135220385961, "layer4": 0.8812380164656732, "neurons_l1": 95.05820303833536, "neurons_l2": 48.69188482621332, "neurons_l3": 44.23029278517377, "neurons_l4": 59.82845155816675, "normalization": 0.3834810625360374}, "datetime": {"datetime": "2023-04-15 02:52:57", "elapsed": 34533.245173, "delta": 1880.643923}}
{"target": 0.9385314813680721, "params": {"batch_size": 194.91418936905063, "dropout": 0.6487169700003862, "dropout_rate": 0.07471427740640177, "epochs": 337.98213907393415, "layer2": 0.9004194711495699, "layer3": 0.9075600520294962, "layer4": 0.7293059078629581, "neurons_l1": 21.62451936037534, "neurons_l2": 44.65802712757764, "neurons_l3": 29.151884995406043, "neurons_l4": 75.02928026011305, "normalization": 0.3715749949089121}, "datetime": {"datetime": "2023-04-15 03:37:39", "elapsed": 37214.640457, "delta": 2681.395284}}
{"target": 0.9343546617049512, "params": {"batch_size": 477.53334756989517, "dropout": 0.9369805265222719, "dropout_rate": 0.24391605537953714, "epochs": 39.37075307994437, "layer2": 0.25640879615768086, "layer3": 0.579286785958837, "layer4": 0.38352441946266413, "neurons_l1": 78.90258393491588, "neurons_l2": 55.315112469063585, "neurons_l3": 16.021435827210567, "neurons_l4": 77.62000467580907, "normalization": 0.19231556183742549}, "datetime": {"datetime": "2023-04-15 03:40:16", "elapsed": 37372.254314, "delta": 157.613857}}
{"target": 0.9384926614953102, "params": {"batch_size": 49.955888912382655, "dropout": 0.924050358262366, "dropout_rate": 0.17887987775098563, "epochs": 188.27175694237084, "layer2": 0.770597994925001, "layer3": 0.8844056229834084, "layer4": 0.9514863438861288, "neurons_l1": 85.87086381208832, "neurons_l2": 64.43980069049317, "neurons_l3": 5.280636315220289, "neurons_l4": 33.92486281153866, "normalization": 0.5516834681902137}, "datetime": {"datetime": "2023-04-15 05:20:28", "elapsed": 43384.14084, "delta": 6011.886526}}
{"target": 0.9379784432650686, "params": {"batch_size": 47.05784340938219, "dropout": 0.1369276033649237, "dropout_rate": 0.03093438938754559, "epochs": 264.6722053150541, "layer2": 0.23026811846714723, "layer3": 0.5105142895185791, "layer4": 0.4247708280617716, "neurons_l1": 29.338779651641033, "neurons_l2": 30.349096171484184, "neurons_l3": 72.42254144304698, "neurons_l4": 14.06630479974576, "normalization": 0.5005424347920003}, "datetime": {"datetime": "2023-04-15 06:44:41", "elapsed": 48437.345839, "delta": 5053.204999}}
{"target": 0.9385945370684871, "params": {"batch_size": 445.3827921187721, "dropout": 0.9801816217020091, "dropout_rate": 0.07679780585920744, "epochs": 188.7759604107211, "layer2": 0.3997349267641561, "layer3": 0.6555698197623725, "layer4": 0.6973840856562672, "neurons_l1": 34.95791612647005, "neurons_l2": 16.122386107522317, "neurons_l3": 47.57188015989827, "neurons_l4": 38.3890592920259, "normalization": 0.7319104083469118}, "datetime": {"datetime": "2023-04-15 07:03:04", "elapsed": 49539.586596, "delta": 1102.240757}}
{"target": 0.934864034864141, "params": {"batch_size": 970.4225774902993, "dropout": 0.6752368324631323, "dropout_rate": 0.2721502455367745, "epochs": 132.04026262802444, "layer2": 0.2824192940794227, "layer3": 0.7256876809215075, "layer4": 0.5536597618308403, "neurons_l1": 87.53393594828145, "neurons_l2": 51.87266877174328, "neurons_l3": 72.66902442215086, "neurons_l4": 5.123879349195457, "normalization": 0.4962619494030318}, "datetime": {"datetime": "2023-04-15 07:09:49", "elapsed": 49944.49252, "delta": 404.905924}}
{"target": 0.9390505414923467, "params": {"batch_size": 130.841254377025, "dropout": 0.17943934485007407, "dropout_rate": 0.24513118713943766, "epochs": 192.54003728667197, "layer2": 0.8484940327360645, "layer3": 0.489776209178564, "layer4": 0.24011184360016935, "neurons_l1": 70.24120903064856, "neurons_l2": 69.10010975372478, "neurons_l3": 49.816505426554734, "neurons_l4": 14.995755689836592, "normalization": 0.8185475374269566}, "datetime": {"datetime": "2023-04-15 07:49:40", "elapsed": 52335.686825, "delta": 2391.194305}}
{"target": 0.9364503497919848, "params": {"batch_size": 586.0306329887362, "dropout": 0.1869035415489324, "dropout_rate": 0.13272259258328079, "epochs": 245.38571095009857, "layer2": 0.2430307748192937, "layer3": 0.24934319442113928, "layer4": 0.019695456984605952, "neurons_l1": 79.86547226231, "neurons_l2": 31.272102277896384, "neurons_l3": 80.00866774930853, "neurons_l4": 43.75287661048951, "normalization": 0.16449329610775376}, "datetime": {"datetime": "2023-04-15 07:58:50", "elapsed": 52886.34898, "delta": 550.662155}}
{"target": 0.936198089219103, "params": {"batch_size": 389.29674497368995, "dropout": 0.9109007194828874, "dropout_rate": 0.004928583754886906, "epochs": 345.77535234852286, "layer2": 0.024971701284188463, "layer3": 0.12014397050575676, "layer4": 0.011328102822531605, "neurons_l1": 41.01008255179595, "neurons_l2": 83.73113900003592, "neurons_l3": 8.015435150363087, "neurons_l4": 51.07895546916377, "normalization": 0.03864018530574975}, "datetime": {"datetime": "2023-04-15 08:15:46", "elapsed": 53902.234448, "delta": 1015.885468}}
